<?xml version="1.0" encoding="UTF-8"?>
<!-- Generated by org.testng.reporters.JUnitReportReporter -->
<testsuite hostname="LAPTOP-KOCCQ4NN" failures="0" tests="1" name="com.automateSolution.testcases.CheckOutTest" time="6.131" errors="0" timestamp="11 Nov 2022 06:36:54 GMT" skipped="0">
  <testcase classname="com.automateSolution.testcases.CheckOutTest" name="login" time="6.131"/>
</testsuite> <!-- com.automateSolution.testcases.CheckOutTest -->
